<?xml version="1.0" encoding="UTF-8"?>
<!-- Generated by org.testng.reporters.JUnitReportReporter -->
<testsuite hostname="admin-PC" name="com.practies.OrangeHrmLoginGrid" tests="1" failures="0" timestamp="21 Apr 2017 04:48:22 GMT" time="26.245" errors="0">
  <testcase name="loginTest" time="26.245" classname="com.practies.OrangeHrmLoginGrid"/>
</testsuite> <!-- com.practies.OrangeHrmLoginGrid -->
